<?xml version="1.0" encoding="UTF-8"?>
<!-- Generated by org.testng.reporters.JUnitReportReporter -->
<testsuite hostname="DESKTOP-KQ2N0T6" failures="0" tests="1" name="org.example.TextBox" time="6.102" errors="0" timestamp="2023-08-10T21:15:06 EEST" skipped="0">
  <testcase classname="org.example.TextBox" name="textBox" time="6.102"/>
</testsuite> <!-- org.example.TextBox -->
