<?xml version="1.0" encoding="UTF-8"?>
<!-- Generated by org.testng.reporters.JUnitReportReporter -->
<testsuite hostname="DESKTOP-KQ2N0T6" failures="0" tests="2" name="Mentor.LoginTest" time="15.218" errors="0" timestamp="2023-08-09T20:33:23 EEST" skipped="0">
  <testcase classname="Mentor.LoginTest" name="successfulLogin" time="8.238"/>
  <testcase classname="Mentor.LoginTest" name="badLogin" time="6.980"/>
</testsuite> <!-- Mentor.LoginTest -->
