<?xml version="1.0" encoding="UTF-8"?>
<!-- Generated by org.testng.reporters.JUnitReportReporter -->
<testsuite hostname="DESKTOP-KQ2N0T6" failures="0" tests="1" name="org.example.BasicWebPage" time="4.451" errors="0" timestamp="2023-08-10T21:15:06 EEST" skipped="0">
  <testcase classname="org.example.BasicWebPage" name="basicWebPageTests" time="4.451"/>
</testsuite> <!-- org.example.BasicWebPage -->
