<?xml version="1.0" encoding="UTF-8"?>
<!-- Generated by org.testng.reporters.JUnitReportReporter -->
<testsuite hostname="DESKTOP-KQ2N0T6" failures="0" tests="1" name="org.example.DynamicAttributes" time="2.226" errors="0" timestamp="2023-08-10T21:15:06 EEST" skipped="0">
  <testcase classname="org.example.DynamicAttributes" name="dynamicAttributes" time="2.226"/>
</testsuite> <!-- org.example.DynamicAttributes -->
